<?xml version="1.0" encoding="UTF-8"?>
<testsuite xmlns:xsi="http://www.w3.org/2001/XMLSchema-instance" xsi:noNamespaceSchemaLocation="https://maven.apache.org/surefire/maven-surefire-plugin/xsd/surefire-test-report.xsd" name="com.alibaba.dubboadmin.DubboAdminApplicationTests" time="0.038" tests="1" errors="0" skipped="0" failures="0">
  <properties>
    <property name="gopherProxySet" value="false"/>
    <property name="awt.toolkit" value="sun.lwawt.macosx.LWCToolkit"/>
    <property name="file.encoding.pkg" value="sun.io"/>
    <property name="java.specification.version" value="1.8"/>
    <property name="sun.cpu.isalist" value=""/>
    <property name="sun.jnu.encoding" value="UTF-8"/>
    <property name="java.class.path" value="/Users/silhouette/code/my-project/dubbo-admin/target/test-classes:/Users/silhouette/code/my-project/dubbo-admin/target/classes:/Users/silhouette/code/repository_u7power/org/springframework/boot/spring-boot-starter-web/2.0.2.RELEASE/spring-boot-starter-web-2.0.2.RELEASE.jar:/Users/silhouette/code/repository_u7power/org/springframework/boot/spring-boot-starter/2.0.2.RELEASE/spring-boot-starter-2.0.2.RELEASE.jar:/Users/silhouette/code/repository_u7power/org/springframework/boot/spring-boot/2.0.2.RELEASE/spring-boot-2.0.2.RELEASE.jar:/Users/silhouette/code/repository_u7power/org/springframework/boot/spring-boot-autoconfigure/2.0.2.RELEASE/spring-boot-autoconfigure-2.0.2.RELEASE.jar:/Users/silhouette/code/repository_u7power/org/springframework/boot/spring-boot-starter-logging/2.0.2.RELEASE/spring-boot-starter-logging-2.0.2.RELEASE.jar:/Users/silhouette/code/repository_u7power/ch/qos/logback/logback-classic/1.2.3/logback-classic-1.2.3.jar:/Users/silhouette/code/repository_u7power/ch/qos/logback/logback-core/1.2.3/logback-core-1.2.3.jar:/Users/silhouette/code/repository_u7power/org/apache/logging/log4j/log4j-to-slf4j/2.10.0/log4j-to-slf4j-2.10.0.jar:/Users/silhouette/code/repository_u7power/org/apache/logging/log4j/log4j-api/2.10.0/log4j-api-2.10.0.jar:/Users/silhouette/code/repository_u7power/org/slf4j/jul-to-slf4j/1.7.25/jul-to-slf4j-1.7.25.jar:/Users/silhouette/code/repository_u7power/javax/annotation/javax.annotation-api/1.3.2/javax.annotation-api-1.3.2.jar:/Users/silhouette/code/repository_u7power/org/yaml/snakeyaml/1.19/snakeyaml-1.19.jar:/Users/silhouette/code/repository_u7power/org/springframework/boot/spring-boot-starter-json/2.0.2.RELEASE/spring-boot-starter-json-2.0.2.RELEASE.jar:/Users/silhouette/code/repository_u7power/com/fasterxml/jackson/core/jackson-databind/2.9.5/jackson-databind-2.9.5.jar:/Users/silhouette/code/repository_u7power/com/fasterxml/jackson/core/jackson-annotations/2.9.0/jackson-annotations-2.9.0.jar:/Users/silhouette/code/repository_u7power/com/fasterxml/jackson/core/jackson-core/2.9.5/jackson-core-2.9.5.jar:/Users/silhouette/code/repository_u7power/com/fasterxml/jackson/datatype/jackson-datatype-jdk8/2.9.5/jackson-datatype-jdk8-2.9.5.jar:/Users/silhouette/code/repository_u7power/com/fasterxml/jackson/datatype/jackson-datatype-jsr310/2.9.5/jackson-datatype-jsr310-2.9.5.jar:/Users/silhouette/code/repository_u7power/com/fasterxml/jackson/module/jackson-module-parameter-names/2.9.5/jackson-module-parameter-names-2.9.5.jar:/Users/silhouette/code/repository_u7power/org/springframework/boot/spring-boot-starter-tomcat/2.0.2.RELEASE/spring-boot-starter-tomcat-2.0.2.RELEASE.jar:/Users/silhouette/code/repository_u7power/org/apache/tomcat/embed/tomcat-embed-core/8.5.31/tomcat-embed-core-8.5.31.jar:/Users/silhouette/code/repository_u7power/org/apache/tomcat/embed/tomcat-embed-el/8.5.31/tomcat-embed-el-8.5.31.jar:/Users/silhouette/code/repository_u7power/org/apache/tomcat/embed/tomcat-embed-websocket/8.5.31/tomcat-embed-websocket-8.5.31.jar:/Users/silhouette/code/repository_u7power/org/hibernate/validator/hibernate-validator/6.0.9.Final/hibernate-validator-6.0.9.Final.jar:/Users/silhouette/code/repository_u7power/javax/validation/validation-api/2.0.1.Final/validation-api-2.0.1.Final.jar:/Users/silhouette/code/repository_u7power/org/jboss/logging/jboss-logging/3.3.2.Final/jboss-logging-3.3.2.Final.jar:/Users/silhouette/code/repository_u7power/com/fasterxml/classmate/1.3.4/classmate-1.3.4.jar:/Users/silhouette/code/repository_u7power/org/springframework/spring-web/5.0.6.RELEASE/spring-web-5.0.6.RELEASE.jar:/Users/silhouette/code/repository_u7power/org/springframework/spring-beans/5.0.6.RELEASE/spring-beans-5.0.6.RELEASE.jar:/Users/silhouette/code/repository_u7power/org/springframework/spring-webmvc/5.0.6.RELEASE/spring-webmvc-5.0.6.RELEASE.jar:/Users/silhouette/code/repository_u7power/org/springframework/spring-aop/5.0.6.RELEASE/spring-aop-5.0.6.RELEASE.jar:/Users/silhouette/code/repository_u7power/org/springframework/spring-expression/5.0.6.RELEASE/spring-expression-5.0.6.RELEASE.jar:/Users/silhouette/code/repository_u7power/org/springframework/boot/spring-boot-starter-test/2.0.2.RELEASE/spring-boot-starter-test-2.0.2.RELEASE.jar:/Users/silhouette/code/repository_u7power/org/springframework/boot/spring-boot-test/2.0.2.RELEASE/spring-boot-test-2.0.2.RELEASE.jar:/Users/silhouette/code/repository_u7power/org/springframework/boot/spring-boot-test-autoconfigure/2.0.2.RELEASE/spring-boot-test-autoconfigure-2.0.2.RELEASE.jar:/Users/silhouette/code/repository_u7power/com/jayway/jsonpath/json-path/2.4.0/json-path-2.4.0.jar:/Users/silhouette/code/repository_u7power/net/minidev/json-smart/2.3/json-smart-2.3.jar:/Users/silhouette/code/repository_u7power/net/minidev/accessors-smart/1.2/accessors-smart-1.2.jar:/Users/silhouette/code/repository_u7power/org/ow2/asm/asm/5.0.4/asm-5.0.4.jar:/Users/silhouette/code/repository_u7power/org/slf4j/slf4j-api/1.7.25/slf4j-api-1.7.25.jar:/Users/silhouette/code/repository_u7power/junit/junit/4.12/junit-4.12.jar:/Users/silhouette/code/repository_u7power/org/assertj/assertj-core/3.9.1/assertj-core-3.9.1.jar:/Users/silhouette/code/repository_u7power/org/mockito/mockito-core/2.15.0/mockito-core-2.15.0.jar:/Users/silhouette/code/repository_u7power/net/bytebuddy/byte-buddy/1.7.11/byte-buddy-1.7.11.jar:/Users/silhouette/code/repository_u7power/net/bytebuddy/byte-buddy-agent/1.7.11/byte-buddy-agent-1.7.11.jar:/Users/silhouette/code/repository_u7power/org/objenesis/objenesis/2.6/objenesis-2.6.jar:/Users/silhouette/code/repository_u7power/org/hamcrest/hamcrest-core/1.3/hamcrest-core-1.3.jar:/Users/silhouette/code/repository_u7power/org/hamcrest/hamcrest-library/1.3/hamcrest-library-1.3.jar:/Users/silhouette/code/repository_u7power/org/skyscreamer/jsonassert/1.5.0/jsonassert-1.5.0.jar:/Users/silhouette/code/repository_u7power/com/vaadin/external/google/android-json/0.0.20131108.vaadin1/android-json-0.0.20131108.vaadin1.jar:/Users/silhouette/code/repository_u7power/org/springframework/spring-core/5.0.6.RELEASE/spring-core-5.0.6.RELEASE.jar:/Users/silhouette/code/repository_u7power/org/springframework/spring-jcl/5.0.6.RELEASE/spring-jcl-5.0.6.RELEASE.jar:/Users/silhouette/code/repository_u7power/org/springframework/spring-test/5.0.6.RELEASE/spring-test-5.0.6.RELEASE.jar:/Users/silhouette/code/repository_u7power/org/xmlunit/xmlunit-core/2.5.1/xmlunit-core-2.5.1.jar:/Users/silhouette/code/repository_u7power/com/alibaba/boot/velocity-spring-boot-starter/0.1.0/velocity-spring-boot-starter-0.1.0.jar:/Users/silhouette/code/repository_u7power/com/alibaba/boot/velocity-spring-boot-autoconfigure/0.1.0/velocity-spring-boot-autoconfigure-0.1.0.jar:/Users/silhouette/code/repository_u7power/com/alibaba/spring/spring-context-velocity/1.4.3.18.RELEASE/spring-context-velocity-1.4.3.18.RELEASE.jar:/Users/silhouette/code/repository_u7power/com/alibaba/spring/spring-webmvc-velocity/1.4.3.18.RELEASE/spring-webmvc-velocity-1.4.3.18.RELEASE.jar:/Users/silhouette/code/repository_u7power/com/alibaba/boot/spring-boot-web-support/1.0.0.RELEASE/spring-boot-web-support-1.0.0.RELEASE.jar:/Users/silhouette/code/repository_u7power/com/alibaba/spring/spring-webmvc-support/1.0.0.RELEASE/spring-webmvc-support-1.0.0.RELEASE.jar:/Users/silhouette/code/repository_u7power/com/alibaba/spring/spring-context-support/1.0.0.RELEASE/spring-context-support-1.0.0.RELEASE.jar:/Users/silhouette/code/repository_u7power/org/apache/velocity/velocity/1.7/velocity-1.7.jar:/Users/silhouette/code/repository_u7power/commons-collections/commons-collections/3.2.1/commons-collections-3.2.1.jar:/Users/silhouette/code/repository_u7power/commons-lang/commons-lang/2.4/commons-lang-2.4.jar:/Users/silhouette/code/repository_u7power/org/apache/velocity/velocity-tools/2.0/velocity-tools-2.0.jar:/Users/silhouette/code/repository_u7power/commons-beanutils/commons-beanutils/1.7.0/commons-beanutils-1.7.0.jar:/Users/silhouette/code/repository_u7power/commons-digester/commons-digester/1.8/commons-digester-1.8.jar:/Users/silhouette/code/repository_u7power/commons-chain/commons-chain/1.1/commons-chain-1.1.jar:/Users/silhouette/code/repository_u7power/commons-logging/commons-logging/1.1/commons-logging-1.1.jar:/Users/silhouette/code/repository_u7power/commons-validator/commons-validator/1.3.1/commons-validator-1.3.1.jar:/Users/silhouette/code/repository_u7power/dom4j/dom4j/1.6.1/dom4j-1.6.1.jar:/Users/silhouette/code/repository_u7power/xml-apis/xml-apis/1.4.01/xml-apis-1.4.01.jar:/Users/silhouette/code/repository_u7power/oro/oro/2.0.8/oro-2.0.8.jar:/Users/silhouette/code/repository_u7power/sslext/sslext/1.2-0/sslext-1.2-0.jar:/Users/silhouette/code/repository_u7power/org/apache/commons/commons-lang3/3.7/commons-lang3-3.7.jar:/Users/silhouette/code/repository_u7power/com/alibaba/dubbo/2.6.2/dubbo-2.6.2.jar:/Users/silhouette/code/repository_u7power/org/springframework/spring-context/5.0.6.RELEASE/spring-context-5.0.6.RELEASE.jar:/Users/silhouette/code/repository_u7power/org/javassist/javassist/3.20.0-GA/javassist-3.20.0-GA.jar:/Users/silhouette/code/repository_u7power/org/jboss/netty/netty/3.2.5.Final/netty-3.2.5.Final.jar:/Users/silhouette/code/repository_u7power/org/apache/curator/curator-framework/2.12.0/curator-framework-2.12.0.jar:/Users/silhouette/code/repository_u7power/org/apache/curator/curator-client/2.12.0/curator-client-2.12.0.jar:/Users/silhouette/code/repository_u7power/org/apache/zookeeper/zookeeper/3.4.8/zookeeper-3.4.8.jar:/Users/silhouette/code/repository_u7power/log4j/log4j/1.2.16/log4j-1.2.16.jar:/Users/silhouette/code/repository_u7power/jline/jline/0.9.94/jline-0.9.94.jar:/Users/silhouette/code/repository_u7power/io/netty/netty/3.7.0.Final/netty-3.7.0.Final.jar:/Users/silhouette/code/repository_u7power/com/google/guava/guava/16.0.1/guava-16.0.1.jar:/Users/silhouette/code/repository_u7power/com/alibaba/fastjson/1.2.46/fastjson-1.2.46.jar:"/>
    <property name="java.vm.vendor" value="Oracle Corporation"/>
    <property name="sun.arch.data.model" value="64"/>
    <property name="java.vendor.url" value="http://java.oracle.com/"/>
    <property name="user.timezone" value=""/>
    <property name="java.vm.specification.version" value="1.8"/>
    <property name="os.name" value="Mac OS X"/>
    <property name="user.country" value="CN"/>
    <property name="sun.java.launcher" value="SUN_STANDARD"/>
    <property name="sun.boot.library.path" value="/Library/Java/JavaVirtualMachines/jdk1.8.0_231.jdk/Contents/Home/jre/lib"/>
    <property name="sun.java.command" value="/Users/silhouette/code/my-project/dubbo-admin/target/surefire/surefirebooter4188512345840294031.jar /Users/silhouette/code/my-project/dubbo-admin/target/surefire 2020-06-01T00-07-51_959-jvmRun1 surefire4507010867548659356tmp surefire_07196905838473499229tmp"/>
    <property name="http.nonProxyHosts" value="local|*.local|169.254/16|*.169.254/16"/>
    <property name="surefire.test.class.path" value="/Users/silhouette/code/my-project/dubbo-admin/target/test-classes:/Users/silhouette/code/my-project/dubbo-admin/target/classes:/Users/silhouette/code/repository_u7power/org/springframework/boot/spring-boot-starter-web/2.0.2.RELEASE/spring-boot-starter-web-2.0.2.RELEASE.jar:/Users/silhouette/code/repository_u7power/org/springframework/boot/spring-boot-starter/2.0.2.RELEASE/spring-boot-starter-2.0.2.RELEASE.jar:/Users/silhouette/code/repository_u7power/org/springframework/boot/spring-boot/2.0.2.RELEASE/spring-boot-2.0.2.RELEASE.jar:/Users/silhouette/code/repository_u7power/org/springframework/boot/spring-boot-autoconfigure/2.0.2.RELEASE/spring-boot-autoconfigure-2.0.2.RELEASE.jar:/Users/silhouette/code/repository_u7power/org/springframework/boot/spring-boot-starter-logging/2.0.2.RELEASE/spring-boot-starter-logging-2.0.2.RELEASE.jar:/Users/silhouette/code/repository_u7power/ch/qos/logback/logback-classic/1.2.3/logback-classic-1.2.3.jar:/Users/silhouette/code/repository_u7power/ch/qos/logback/logback-core/1.2.3/logback-core-1.2.3.jar:/Users/silhouette/code/repository_u7power/org/apache/logging/log4j/log4j-to-slf4j/2.10.0/log4j-to-slf4j-2.10.0.jar:/Users/silhouette/code/repository_u7power/org/apache/logging/log4j/log4j-api/2.10.0/log4j-api-2.10.0.jar:/Users/silhouette/code/repository_u7power/org/slf4j/jul-to-slf4j/1.7.25/jul-to-slf4j-1.7.25.jar:/Users/silhouette/code/repository_u7power/javax/annotation/javax.annotation-api/1.3.2/javax.annotation-api-1.3.2.jar:/Users/silhouette/code/repository_u7power/org/yaml/snakeyaml/1.19/snakeyaml-1.19.jar:/Users/silhouette/code/repository_u7power/org/springframework/boot/spring-boot-starter-json/2.0.2.RELEASE/spring-boot-starter-json-2.0.2.RELEASE.jar:/Users/silhouette/code/repository_u7power/com/fasterxml/jackson/core/jackson-databind/2.9.5/jackson-databind-2.9.5.jar:/Users/silhouette/code/repository_u7power/com/fasterxml/jackson/core/jackson-annotations/2.9.0/jackson-annotations-2.9.0.jar:/Users/silhouette/code/repository_u7power/com/fasterxml/jackson/core/jackson-core/2.9.5/jackson-core-2.9.5.jar:/Users/silhouette/code/repository_u7power/com/fasterxml/jackson/datatype/jackson-datatype-jdk8/2.9.5/jackson-datatype-jdk8-2.9.5.jar:/Users/silhouette/code/repository_u7power/com/fasterxml/jackson/datatype/jackson-datatype-jsr310/2.9.5/jackson-datatype-jsr310-2.9.5.jar:/Users/silhouette/code/repository_u7power/com/fasterxml/jackson/module/jackson-module-parameter-names/2.9.5/jackson-module-parameter-names-2.9.5.jar:/Users/silhouette/code/repository_u7power/org/springframework/boot/spring-boot-starter-tomcat/2.0.2.RELEASE/spring-boot-starter-tomcat-2.0.2.RELEASE.jar:/Users/silhouette/code/repository_u7power/org/apache/tomcat/embed/tomcat-embed-core/8.5.31/tomcat-embed-core-8.5.31.jar:/Users/silhouette/code/repository_u7power/org/apache/tomcat/embed/tomcat-embed-el/8.5.31/tomcat-embed-el-8.5.31.jar:/Users/silhouette/code/repository_u7power/org/apache/tomcat/embed/tomcat-embed-websocket/8.5.31/tomcat-embed-websocket-8.5.31.jar:/Users/silhouette/code/repository_u7power/org/hibernate/validator/hibernate-validator/6.0.9.Final/hibernate-validator-6.0.9.Final.jar:/Users/silhouette/code/repository_u7power/javax/validation/validation-api/2.0.1.Final/validation-api-2.0.1.Final.jar:/Users/silhouette/code/repository_u7power/org/jboss/logging/jboss-logging/3.3.2.Final/jboss-logging-3.3.2.Final.jar:/Users/silhouette/code/repository_u7power/com/fasterxml/classmate/1.3.4/classmate-1.3.4.jar:/Users/silhouette/code/repository_u7power/org/springframework/spring-web/5.0.6.RELEASE/spring-web-5.0.6.RELEASE.jar:/Users/silhouette/code/repository_u7power/org/springframework/spring-beans/5.0.6.RELEASE/spring-beans-5.0.6.RELEASE.jar:/Users/silhouette/code/repository_u7power/org/springframework/spring-webmvc/5.0.6.RELEASE/spring-webmvc-5.0.6.RELEASE.jar:/Users/silhouette/code/repository_u7power/org/springframework/spring-aop/5.0.6.RELEASE/spring-aop-5.0.6.RELEASE.jar:/Users/silhouette/code/repository_u7power/org/springframework/spring-expression/5.0.6.RELEASE/spring-expression-5.0.6.RELEASE.jar:/Users/silhouette/code/repository_u7power/org/springframework/boot/spring-boot-starter-test/2.0.2.RELEASE/spring-boot-starter-test-2.0.2.RELEASE.jar:/Users/silhouette/code/repository_u7power/org/springframework/boot/spring-boot-test/2.0.2.RELEASE/spring-boot-test-2.0.2.RELEASE.jar:/Users/silhouette/code/repository_u7power/org/springframework/boot/spring-boot-test-autoconfigure/2.0.2.RELEASE/spring-boot-test-autoconfigure-2.0.2.RELEASE.jar:/Users/silhouette/code/repository_u7power/com/jayway/jsonpath/json-path/2.4.0/json-path-2.4.0.jar:/Users/silhouette/code/repository_u7power/net/minidev/json-smart/2.3/json-smart-2.3.jar:/Users/silhouette/code/repository_u7power/net/minidev/accessors-smart/1.2/accessors-smart-1.2.jar:/Users/silhouette/code/repository_u7power/org/ow2/asm/asm/5.0.4/asm-5.0.4.jar:/Users/silhouette/code/repository_u7power/org/slf4j/slf4j-api/1.7.25/slf4j-api-1.7.25.jar:/Users/silhouette/code/repository_u7power/junit/junit/4.12/junit-4.12.jar:/Users/silhouette/code/repository_u7power/org/assertj/assertj-core/3.9.1/assertj-core-3.9.1.jar:/Users/silhouette/code/repository_u7power/org/mockito/mockito-core/2.15.0/mockito-core-2.15.0.jar:/Users/silhouette/code/repository_u7power/net/bytebuddy/byte-buddy/1.7.11/byte-buddy-1.7.11.jar:/Users/silhouette/code/repository_u7power/net/bytebuddy/byte-buddy-agent/1.7.11/byte-buddy-agent-1.7.11.jar:/Users/silhouette/code/repository_u7power/org/objenesis/objenesis/2.6/objenesis-2.6.jar:/Users/silhouette/code/repository_u7power/org/hamcrest/hamcrest-core/1.3/hamcrest-core-1.3.jar:/Users/silhouette/code/repository_u7power/org/hamcrest/hamcrest-library/1.3/hamcrest-library-1.3.jar:/Users/silhouette/code/repository_u7power/org/skyscreamer/jsonassert/1.5.0/jsonassert-1.5.0.jar:/Users/silhouette/code/repository_u7power/com/vaadin/external/google/android-json/0.0.20131108.vaadin1/android-json-0.0.20131108.vaadin1.jar:/Users/silhouette/code/repository_u7power/org/springframework/spring-core/5.0.6.RELEASE/spring-core-5.0.6.RELEASE.jar:/Users/silhouette/code/repository_u7power/org/springframework/spring-jcl/5.0.6.RELEASE/spring-jcl-5.0.6.RELEASE.jar:/Users/silhouette/code/repository_u7power/org/springframework/spring-test/5.0.6.RELEASE/spring-test-5.0.6.RELEASE.jar:/Users/silhouette/code/repository_u7power/org/xmlunit/xmlunit-core/2.5.1/xmlunit-core-2.5.1.jar:/Users/silhouette/code/repository_u7power/com/alibaba/boot/velocity-spring-boot-starter/0.1.0/velocity-spring-boot-starter-0.1.0.jar:/Users/silhouette/code/repository_u7power/com/alibaba/boot/velocity-spring-boot-autoconfigure/0.1.0/velocity-spring-boot-autoconfigure-0.1.0.jar:/Users/silhouette/code/repository_u7power/com/alibaba/spring/spring-context-velocity/1.4.3.18.RELEASE/spring-context-velocity-1.4.3.18.RELEASE.jar:/Users/silhouette/code/repository_u7power/com/alibaba/spring/spring-webmvc-velocity/1.4.3.18.RELEASE/spring-webmvc-velocity-1.4.3.18.RELEASE.jar:/Users/silhouette/code/repository_u7power/com/alibaba/boot/spring-boot-web-support/1.0.0.RELEASE/spring-boot-web-support-1.0.0.RELEASE.jar:/Users/silhouette/code/repository_u7power/com/alibaba/spring/spring-webmvc-support/1.0.0.RELEASE/spring-webmvc-support-1.0.0.RELEASE.jar:/Users/silhouette/code/repository_u7power/com/alibaba/spring/spring-context-support/1.0.0.RELEASE/spring-context-support-1.0.0.RELEASE.jar:/Users/silhouette/code/repository_u7power/org/apache/velocity/velocity/1.7/velocity-1.7.jar:/Users/silhouette/code/repository_u7power/commons-collections/commons-collections/3.2.1/commons-collections-3.2.1.jar:/Users/silhouette/code/repository_u7power/commons-lang/commons-lang/2.4/commons-lang-2.4.jar:/Users/silhouette/code/repository_u7power/org/apache/velocity/velocity-tools/2.0/velocity-tools-2.0.jar:/Users/silhouette/code/repository_u7power/commons-beanutils/commons-beanutils/1.7.0/commons-beanutils-1.7.0.jar:/Users/silhouette/code/repository_u7power/commons-digester/commons-digester/1.8/commons-digester-1.8.jar:/Users/silhouette/code/repository_u7power/commons-chain/commons-chain/1.1/commons-chain-1.1.jar:/Users/silhouette/code/repository_u7power/commons-logging/commons-logging/1.1/commons-logging-1.1.jar:/Users/silhouette/code/repository_u7power/commons-validator/commons-validator/1.3.1/commons-validator-1.3.1.jar:/Users/silhouette/code/repository_u7power/dom4j/dom4j/1.6.1/dom4j-1.6.1.jar:/Users/silhouette/code/repository_u7power/xml-apis/xml-apis/1.4.01/xml-apis-1.4.01.jar:/Users/silhouette/code/repository_u7power/oro/oro/2.0.8/oro-2.0.8.jar:/Users/silhouette/code/repository_u7power/sslext/sslext/1.2-0/sslext-1.2-0.jar:/Users/silhouette/code/repository_u7power/org/apache/commons/commons-lang3/3.7/commons-lang3-3.7.jar:/Users/silhouette/code/repository_u7power/com/alibaba/dubbo/2.6.2/dubbo-2.6.2.jar:/Users/silhouette/code/repository_u7power/org/springframework/spring-context/5.0.6.RELEASE/spring-context-5.0.6.RELEASE.jar:/Users/silhouette/code/repository_u7power/org/javassist/javassist/3.20.0-GA/javassist-3.20.0-GA.jar:/Users/silhouette/code/repository_u7power/org/jboss/netty/netty/3.2.5.Final/netty-3.2.5.Final.jar:/Users/silhouette/code/repository_u7power/org/apache/curator/curator-framework/2.12.0/curator-framework-2.12.0.jar:/Users/silhouette/code/repository_u7power/org/apache/curator/curator-client/2.12.0/curator-client-2.12.0.jar:/Users/silhouette/code/repository_u7power/org/apache/zookeeper/zookeeper/3.4.8/zookeeper-3.4.8.jar:/Users/silhouette/code/repository_u7power/log4j/log4j/1.2.16/log4j-1.2.16.jar:/Users/silhouette/code/repository_u7power/jline/jline/0.9.94/jline-0.9.94.jar:/Users/silhouette/code/repository_u7power/io/netty/netty/3.7.0.Final/netty-3.7.0.Final.jar:/Users/silhouette/code/repository_u7power/com/google/guava/guava/16.0.1/guava-16.0.1.jar:/Users/silhouette/code/repository_u7power/com/alibaba/fastjson/1.2.46/fastjson-1.2.46.jar:"/>
    <property name="sun.cpu.endian" value="little"/>
    <property name="user.home" value="/Users/silhouette"/>
    <property name="user.language" value="zh"/>
    <property name="java.specification.vendor" value="Oracle Corporation"/>
    <property name="java.home" value="/Library/Java/JavaVirtualMachines/jdk1.8.0_231.jdk/Contents/Home/jre"/>
    <property name="basedir" value="/Users/silhouette/code/my-project/dubbo-admin"/>
    <property name="file.separator" value="/"/>
    <property name="line.separator" value="&#10;"/>
    <property name="idea.version2019.2.3" value="true"/>
    <property name="java.vm.specification.vendor" value="Oracle Corporation"/>
    <property name="java.specification.name" value="Java Platform API Specification"/>
    <property name="java.awt.graphicsenv" value="sun.awt.CGraphicsEnvironment"/>
    <property name="surefire.real.class.path" value="/Users/silhouette/code/my-project/dubbo-admin/target/surefire/surefirebooter4188512345840294031.jar"/>
    <property name="sun.boot.class.path" value="/Library/Java/JavaVirtualMachines/jdk1.8.0_231.jdk/Contents/Home/jre/lib/resources.jar:/Library/Java/JavaVirtualMachines/jdk1.8.0_231.jdk/Contents/Home/jre/lib/rt.jar:/Library/Java/JavaVirtualMachines/jdk1.8.0_231.jdk/Contents/Home/jre/lib/sunrsasign.jar:/Library/Java/JavaVirtualMachines/jdk1.8.0_231.jdk/Contents/Home/jre/lib/jsse.jar:/Library/Java/JavaVirtualMachines/jdk1.8.0_231.jdk/Contents/Home/jre/lib/jce.jar:/Library/Java/JavaVirtualMachines/jdk1.8.0_231.jdk/Contents/Home/jre/lib/charsets.jar:/Library/Java/JavaVirtualMachines/jdk1.8.0_231.jdk/Contents/Home/jre/lib/jfr.jar:/Library/Java/JavaVirtualMachines/jdk1.8.0_231.jdk/Contents/Home/jre/classes"/>
    <property name="sun.management.compiler" value="HotSpot 64-Bit Tiered Compilers"/>
    <property name="ftp.nonProxyHosts" value="local|*.local|169.254/16|*.169.254/16"/>
    <property name="java.runtime.version" value="1.8.0_231-b11"/>
    <property name="user.name" value="silhouette"/>
    <property name="path.separator" value=":"/>
    <property name="os.version" value="10.15"/>
    <property name="java.endorsed.dirs" value="/Library/Java/JavaVirtualMachines/jdk1.8.0_231.jdk/Contents/Home/jre/lib/endorsed"/>
    <property name="java.runtime.name" value="Java(TM) SE Runtime Environment"/>
    <property name="file.encoding" value="UTF-8"/>
    <property name="java.vm.name" value="Java HotSpot(TM) 64-Bit Server VM"/>
    <property name="localRepository" value="/Users/silhouette/code/repository_u7power"/>
    <property name="java.vendor.url.bug" value="http://bugreport.sun.com/bugreport/"/>
    <property name="java.io.tmpdir" value="/var/folders/f0/27h1fyx1761gn2bngwxsb6fw0000gn/T/"/>
    <property name="java.version" value="1.8.0_231"/>
    <property name="user.dir" value="/Users/silhouette/code/my-project/dubbo-admin"/>
    <property name="os.arch" value="x86_64"/>
    <property name="java.vm.specification.name" value="Java Virtual Machine Specification"/>
    <property name="java.awt.printerjob" value="sun.lwawt.macosx.CPrinterJob"/>
    <property name="sun.os.patch.level" value="unknown"/>
    <property name="java.library.path" value="/Users/silhouette/Library/Java/Extensions:/Library/Java/Extensions:/Network/Library/Java/Extensions:/System/Library/Java/Extensions:/usr/lib/java:."/>
    <property name="java.vm.info" value="mixed mode"/>
    <property name="java.vendor" value="Oracle Corporation"/>
    <property name="java.vm.version" value="25.231-b11"/>
    <property name="java.ext.dirs" value="/Users/silhouette/Library/Java/Extensions:/Library/Java/JavaVirtualMachines/jdk1.8.0_231.jdk/Contents/Home/jre/lib/ext:/Library/Java/Extensions:/Network/Library/Java/Extensions:/System/Library/Java/Extensions:/usr/lib/java"/>
    <property name="sun.io.unicode.encoding" value="UnicodeBig"/>
    <property name="java.class.version" value="52.0"/>
    <property name="socksNonProxyHosts" value="local|*.local|169.254/16|*.169.254/16"/>
  </properties>
  <testcase name="contextLoads" classname="com.alibaba.dubboadmin.DubboAdminApplicationTests" time="0.002"/>
</testsuite>